[22-Sep-2018 04:15:02 UTC] PHP Warning:  require_once(connect.php): failed to open stream: No such file or directory in /home/ubuntu/workspace/appointment/create.php on line 2
[22-Sep-2018 04:15:02 UTC] PHP Stack trace:
[22-Sep-2018 04:15:02 UTC] PHP   1. {main}() /home/ubuntu/workspace/appointment/create.php:0
[22-Sep-2018 04:15:02 UTC] PHP Fatal error:  require_once(): Failed opening required 'connect.php' (include_path='.:/usr/share/php:/usr/share/pear') in /home/ubuntu/workspace/appointment/create.php on line 2
[22-Sep-2018 04:15:02 UTC] PHP Stack trace:
[22-Sep-2018 04:15:02 UTC] PHP   1. {main}() /home/ubuntu/workspace/appointment/create.php:0
[22-Sep-2018 05:18:18 UTC] PHP Parse error:  syntax error, unexpected '$date' (T_VARIABLE) in /home/ubuntu/workspace/events/create.php on line 5
[22-Sep-2018 05:18:54 UTC] PHP Parse error:  syntax error, unexpected '$date' (T_VARIABLE) in /home/ubuntu/workspace/events/create.php on line 5
[22-Sep-2018 18:29:12 UTC] PHP Parse error:  syntax error, unexpected '$date' (T_VARIABLE) in /home/ubuntu/workspace/events/create.php on line 5
[22-Sep-2018 18:33:07 UTC] PHP Parse error:  syntax error, unexpected 'if' (T_IF) in /home/ubuntu/workspace/events/create.php on line 9
[22-Sep-2018 18:35:36 UTC] PHP Parse error:  syntax error, unexpected '$input_std_id' (T_VARIABLE) in /home/ubuntu/workspace/events/create.php on line 11
[22-Sep-2018 18:36:50 UTC] PHP Parse error:  syntax error, unexpected 'if' (T_IF) in /home/ubuntu/workspace/events/create.php on line 9
[22-Sep-2018 18:53:12 UTC] PHP Parse error:  syntax error, unexpected ')', expecting ',' or ';' in /home/ubuntu/workspace/events/create.php on line 6
[22-Sep-2018 19:01:23 UTC] PHP Warning:  mysqli_stmt_close() expects parameter 1 to be mysqli_stmt, boolean given in /home/ubuntu/workspace/events/create.php on line 67
[22-Sep-2018 19:01:23 UTC] PHP Stack trace:
[22-Sep-2018 19:01:23 UTC] PHP   1. {main}() /home/ubuntu/workspace/events/create.php:0
[22-Sep-2018 19:01:23 UTC] PHP   2. mysqli_stmt_close() /home/ubuntu/workspace/events/create.php:67
[22-Sep-2018 19:06:31 UTC] PHP Warning:  mysqli_stmt_close() expects parameter 1 to be mysqli_stmt, boolean given in /home/ubuntu/workspace/events/create.php on line 68
[22-Sep-2018 19:06:31 UTC] PHP Stack trace:
[22-Sep-2018 19:06:31 UTC] PHP   1. {main}() /home/ubuntu/workspace/events/create.php:0
[22-Sep-2018 19:06:31 UTC] PHP   2. mysqli_stmt_close() /home/ubuntu/workspace/events/create.php:68
[22-Sep-2018 19:06:55 UTC] PHP Warning:  mysqli_stmt_close() expects parameter 1 to be mysqli_stmt, boolean given in /home/ubuntu/workspace/events/create.php on line 68
[22-Sep-2018 19:06:55 UTC] PHP Stack trace:
[22-Sep-2018 19:06:55 UTC] PHP   1. {main}() /home/ubuntu/workspace/events/create.php:0
[22-Sep-2018 19:06:55 UTC] PHP   2. mysqli_stmt_close() /home/ubuntu/workspace/events/create.php:68
[22-Sep-2018 19:06:57 UTC] PHP Warning:  mysqli_stmt_close() expects parameter 1 to be mysqli_stmt, boolean given in /home/ubuntu/workspace/events/create.php on line 68
[22-Sep-2018 19:06:57 UTC] PHP Stack trace:
[22-Sep-2018 19:06:57 UTC] PHP   1. {main}() /home/ubuntu/workspace/events/create.php:0
[22-Sep-2018 19:06:57 UTC] PHP   2. mysqli_stmt_close() /home/ubuntu/workspace/events/create.php:68
[22-Sep-2018 19:07:32 UTC] PHP Warning:  mysqli_stmt_close() expects parameter 1 to be mysqli_stmt, boolean given in /home/ubuntu/workspace/events/create.php on line 68
[22-Sep-2018 19:07:32 UTC] PHP Stack trace:
[22-Sep-2018 19:07:32 UTC] PHP   1. {main}() /home/ubuntu/workspace/events/create.php:0
[22-Sep-2018 19:07:32 UTC] PHP   2. mysqli_stmt_close() /home/ubuntu/workspace/events/create.php:68
[22-Sep-2018 19:07:46 UTC] PHP Warning:  mysqli_stmt_close() expects parameter 1 to be mysqli_stmt, boolean given in /home/ubuntu/workspace/events/create.php on line 68
[22-Sep-2018 19:07:46 UTC] PHP Stack trace:
[22-Sep-2018 19:07:46 UTC] PHP   1. {main}() /home/ubuntu/workspace/events/create.php:0
[22-Sep-2018 19:07:46 UTC] PHP   2. mysqli_stmt_close() /home/ubuntu/workspace/events/create.php:68
[22-Sep-2018 19:08:25 UTC] PHP Warning:  mysqli_stmt_close() expects parameter 1 to be mysqli_stmt, boolean given in /home/ubuntu/workspace/events/create.php on line 68
[22-Sep-2018 19:08:25 UTC] PHP Stack trace:
[22-Sep-2018 19:08:25 UTC] PHP   1. {main}() /home/ubuntu/workspace/events/create.php:0
[22-Sep-2018 19:08:25 UTC] PHP   2. mysqli_stmt_close() /home/ubuntu/workspace/events/create.php:68
[22-Sep-2018 19:08:33 UTC] PHP Warning:  mysqli_stmt_close() expects parameter 1 to be mysqli_stmt, boolean given in /home/ubuntu/workspace/events/create.php on line 68
[22-Sep-2018 19:08:33 UTC] PHP Stack trace:
[22-Sep-2018 19:08:33 UTC] PHP   1. {main}() /home/ubuntu/workspace/events/create.php:0
[22-Sep-2018 19:08:33 UTC] PHP   2. mysqli_stmt_close() /home/ubuntu/workspace/events/create.php:68
[22-Sep-2018 19:13:51 UTC] PHP Warning:  mysqli_stmt_close() expects parameter 1 to be mysqli_stmt, boolean given in /home/ubuntu/workspace/events/create.php on line 68
[22-Sep-2018 19:13:51 UTC] PHP Stack trace:
[22-Sep-2018 19:13:51 UTC] PHP   1. {main}() /home/ubuntu/workspace/events/create.php:0
[22-Sep-2018 19:13:51 UTC] PHP   2. mysqli_stmt_close() /home/ubuntu/workspace/events/create.php:68
[22-Sep-2018 19:14:57 UTC] PHP Warning:  mysqli_stmt_close() expects parameter 1 to be mysqli_stmt, boolean given in /home/ubuntu/workspace/events/create.php on line 68
[22-Sep-2018 19:14:57 UTC] PHP Stack trace:
[22-Sep-2018 19:14:57 UTC] PHP   1. {main}() /home/ubuntu/workspace/events/create.php:0
[22-Sep-2018 19:14:57 UTC] PHP   2. mysqli_stmt_close() /home/ubuntu/workspace/events/create.php:68
[23-Sep-2018 04:29:16 UTC] PHP Warning:  mysqli_stmt_close() expects parameter 1 to be mysqli_stmt, boolean given in /home/ubuntu/workspace/events/create.php on line 69
[23-Sep-2018 04:29:16 UTC] PHP Stack trace:
[23-Sep-2018 04:29:16 UTC] PHP   1. {main}() /home/ubuntu/workspace/events/create.php:0
[23-Sep-2018 04:29:16 UTC] PHP   2. mysqli_stmt_close() /home/ubuntu/workspace/events/create.php:69
[23-Sep-2018 04:30:01 UTC] PHP Warning:  mysqli_stmt_close() expects parameter 1 to be mysqli_stmt, boolean given in /home/ubuntu/workspace/events/create.php on line 69
[23-Sep-2018 04:30:01 UTC] PHP Stack trace:
[23-Sep-2018 04:30:01 UTC] PHP   1. {main}() /home/ubuntu/workspace/events/create.php:0
[23-Sep-2018 04:30:01 UTC] PHP   2. mysqli_stmt_close() /home/ubuntu/workspace/events/create.php:69
[23-Sep-2018 04:30:10 UTC] PHP Warning:  mysqli_stmt_close() expects parameter 1 to be mysqli_stmt, boolean given in /home/ubuntu/workspace/events/create.php on line 69
[23-Sep-2018 04:30:10 UTC] PHP Stack trace:
[23-Sep-2018 04:30:10 UTC] PHP   1. {main}() /home/ubuntu/workspace/events/create.php:0
[23-Sep-2018 04:30:10 UTC] PHP   2. mysqli_stmt_close() /home/ubuntu/workspace/events/create.php:69
[25-Sep-2018 01:37:51 UTC] PHP Warning:  mysqli_stmt_bind_param(): Undefined fieldtype I (parameter 3) in /home/ubuntu/workspace/events/delete.php on line 30
[25-Sep-2018 01:37:51 UTC] PHP Stack trace:
[25-Sep-2018 01:37:51 UTC] PHP   1. {main}() /home/ubuntu/workspace/events/delete.php:0
[25-Sep-2018 01:37:51 UTC] PHP   2. mysqli_stmt_bind_param() /home/ubuntu/workspace/events/delete.php:30
[25-Sep-2018 01:37:52 UTC] PHP Warning:  mysqli_stmt_bind_param(): Undefined fieldtype I (parameter 3) in /home/ubuntu/workspace/events/delete.php on line 30
[25-Sep-2018 01:37:52 UTC] PHP Stack trace:
[25-Sep-2018 01:37:52 UTC] PHP   1. {main}() /home/ubuntu/workspace/events/delete.php:0
[25-Sep-2018 01:37:52 UTC] PHP   2. mysqli_stmt_bind_param() /home/ubuntu/workspace/events/delete.php:30
[25-Sep-2018 01:41:45 UTC] PHP Warning:  mysqli_stmt_bind_param(): Undefined fieldtype I (parameter 3) in /home/ubuntu/workspace/events/delete.php on line 29
[25-Sep-2018 01:41:45 UTC] PHP Stack trace:
[25-Sep-2018 01:41:45 UTC] PHP   1. {main}() /home/ubuntu/workspace/events/delete.php:0
[25-Sep-2018 01:41:45 UTC] PHP   2. mysqli_stmt_bind_param() /home/ubuntu/workspace/events/delete.php:29
[25-Sep-2018 01:49:49 UTC] PHP Parse error:  syntax error, unexpected end of file in /home/ubuntu/workspace/events/delete.php on line 40
[25-Sep-2018 18:34:08 UTC] PHP Warning:  mysqli_stmt_close() expects parameter 1 to be mysqli_stmt, boolean given in /home/ubuntu/workspace/events/create.php on line 82
[25-Sep-2018 18:34:08 UTC] PHP Stack trace:
[25-Sep-2018 18:34:08 UTC] PHP   1. {main}() /home/ubuntu/workspace/events/create.php:0
[25-Sep-2018 18:34:08 UTC] PHP   2. mysqli_stmt_close() /home/ubuntu/workspace/events/create.php:82
[25-Sep-2018 18:35:26 UTC] PHP Warning:  mysqli_stmt_bind_param(): Number of elements in type definition string doesn't match number of bind variables in /home/ubuntu/workspace/events/create.php on line 46
[25-Sep-2018 18:35:26 UTC] PHP Stack trace:
[25-Sep-2018 18:35:26 UTC] PHP   1. {main}() /home/ubuntu/workspace/events/create.php:0
[25-Sep-2018 18:35:26 UTC] PHP   2. mysqli_stmt_bind_param() /home/ubuntu/workspace/events/create.php:46
[25-Sep-2018 21:11:38 UTC] PHP Warning:  require_once(db/connect.php): failed to open stream: No such file or directory in /home/ubuntu/workspace/events/update.php on line 4
[25-Sep-2018 21:11:38 UTC] PHP Stack trace:
[25-Sep-2018 21:11:38 UTC] PHP   1. {main}() /home/ubuntu/workspace/events/update.php:0
[25-Sep-2018 21:11:38 UTC] PHP Fatal error:  require_once(): Failed opening required 'db/connect.php' (include_path='.:/usr/share/php:/usr/share/pear') in /home/ubuntu/workspace/events/update.php on line 4
[25-Sep-2018 21:11:38 UTC] PHP Stack trace:
[25-Sep-2018 21:11:38 UTC] PHP   1. {main}() /home/ubuntu/workspace/events/update.php:0
[25-Sep-2018 21:11:44 UTC] PHP Warning:  require_once(db/connect.php): failed to open stream: No such file or directory in /home/ubuntu/workspace/events/update.php on line 4
[25-Sep-2018 21:11:44 UTC] PHP Stack trace:
[25-Sep-2018 21:11:44 UTC] PHP   1. {main}() /home/ubuntu/workspace/events/update.php:0
[25-Sep-2018 21:11:44 UTC] PHP Fatal error:  require_once(): Failed opening required 'db/connect.php' (include_path='.:/usr/share/php:/usr/share/pear') in /home/ubuntu/workspace/events/update.php on line 4
[25-Sep-2018 21:11:44 UTC] PHP Stack trace:
[25-Sep-2018 21:11:44 UTC] PHP   1. {main}() /home/ubuntu/workspace/events/update.php:0
[25-Sep-2018 21:11:57 UTC] PHP Warning:  require_once(db/connect.php): failed to open stream: No such file or directory in /home/ubuntu/workspace/events/edit.php on line 5
[25-Sep-2018 21:11:57 UTC] PHP Stack trace:
[25-Sep-2018 21:11:57 UTC] PHP   1. {main}() /home/ubuntu/workspace/events/edit.php:0
[25-Sep-2018 21:11:57 UTC] PHP Fatal error:  require_once(): Failed opening required 'db/connect.php' (include_path='.:/usr/share/php:/usr/share/pear') in /home/ubuntu/workspace/events/edit.php on line 5
[25-Sep-2018 21:11:57 UTC] PHP Stack trace:
[25-Sep-2018 21:11:57 UTC] PHP   1. {main}() /home/ubuntu/workspace/events/edit.php:0
[25-Sep-2018 21:31:06 UTC] PHP Warning:  require_once(db/connect.php): failed to open stream: No such file or directory in /home/ubuntu/workspace/events/edit.php on line 4
[25-Sep-2018 21:31:06 UTC] PHP Stack trace:
[25-Sep-2018 21:31:06 UTC] PHP   1. {main}() /home/ubuntu/workspace/events/edit.php:0
[25-Sep-2018 21:31:06 UTC] PHP Fatal error:  require_once(): Failed opening required 'db/connect.php' (include_path='.:/usr/share/php:/usr/share/pear') in /home/ubuntu/workspace/events/edit.php on line 4
[25-Sep-2018 21:31:06 UTC] PHP Stack trace:
[25-Sep-2018 21:31:06 UTC] PHP   1. {main}() /home/ubuntu/workspace/events/edit.php:0
[25-Sep-2018 21:31:28 UTC] PHP Warning:  require_once(db/connect.php): failed to open stream: No such file or directory in /home/ubuntu/workspace/events/edit.php on line 4
[25-Sep-2018 21:31:28 UTC] PHP Stack trace:
[25-Sep-2018 21:31:28 UTC] PHP   1. {main}() /home/ubuntu/workspace/events/edit.php:0
[25-Sep-2018 21:31:28 UTC] PHP Fatal error:  require_once(): Failed opening required 'db/connect.php' (include_path='.:/usr/share/php:/usr/share/pear') in /home/ubuntu/workspace/events/edit.php on line 4
[25-Sep-2018 21:31:28 UTC] PHP Stack trace:
[25-Sep-2018 21:31:28 UTC] PHP   1. {main}() /home/ubuntu/workspace/events/edit.php:0
[25-Sep-2018 21:32:52 UTC] PHP Warning:  mysqli_fetch_array() expects parameter 1 to be mysqli_result, string given in /home/ubuntu/workspace/events/edit.php on line 49
[25-Sep-2018 21:32:52 UTC] PHP Stack trace:
[25-Sep-2018 21:32:52 UTC] PHP   1. {main}() /home/ubuntu/workspace/events/edit.php:0
[25-Sep-2018 21:32:52 UTC] PHP   2. mysqli_fetch_array() /home/ubuntu/workspace/events/edit.php:49
[25-Sep-2018 21:33:12 UTC] PHP Warning:  mysqli_fetch_array() expects parameter 1 to be mysqli_result, string given in /home/ubuntu/workspace/events/edit.php on line 49
[25-Sep-2018 21:33:12 UTC] PHP Stack trace:
[25-Sep-2018 21:33:12 UTC] PHP   1. {main}() /home/ubuntu/workspace/events/edit.php:0
[25-Sep-2018 21:33:12 UTC] PHP   2. mysqli_fetch_array() /home/ubuntu/workspace/events/edit.php:49
[25-Sep-2018 21:33:16 UTC] PHP Warning:  mysqli_fetch_array() expects parameter 1 to be mysqli_result, string given in /home/ubuntu/workspace/events/edit.php on line 49
[25-Sep-2018 21:33:16 UTC] PHP Stack trace:
[25-Sep-2018 21:33:16 UTC] PHP   1. {main}() /home/ubuntu/workspace/events/edit.php:0
[25-Sep-2018 21:33:16 UTC] PHP   2. mysqli_fetch_array() /home/ubuntu/workspace/events/edit.php:49
[25-Sep-2018 21:34:14 UTC] PHP Warning:  mysqli_fetch_array() expects parameter 1 to be mysqli_result, string given in /home/ubuntu/workspace/events/edit.php on line 22
[25-Sep-2018 21:34:14 UTC] PHP Stack trace:
[25-Sep-2018 21:34:14 UTC] PHP   1. {main}() /home/ubuntu/workspace/events/edit.php:0
[25-Sep-2018 21:34:14 UTC] PHP   2. mysqli_fetch_array() /home/ubuntu/workspace/events/edit.php:22
[25-Sep-2018 21:34:35 UTC] PHP Warning:  mysqli_fetch_array() expects parameter 1 to be mysqli_result, string given in /home/ubuntu/workspace/events/edit.php on line 49
[25-Sep-2018 21:34:35 UTC] PHP Stack trace:
[25-Sep-2018 21:34:35 UTC] PHP   1. {main}() /home/ubuntu/workspace/events/edit.php:0
[25-Sep-2018 21:34:35 UTC] PHP   2. mysqli_fetch_array() /home/ubuntu/workspace/events/edit.php:49
[25-Sep-2018 21:34:57 UTC] PHP Warning:  mysqli_fetch_array() expects parameter 1 to be mysqli_result, null given in /home/ubuntu/workspace/events/edit.php on line 49
[25-Sep-2018 21:34:57 UTC] PHP Stack trace:
[25-Sep-2018 21:34:57 UTC] PHP   1. {main}() /home/ubuntu/workspace/events/edit.php:0
[25-Sep-2018 21:34:57 UTC] PHP   2. mysqli_fetch_array() /home/ubuntu/workspace/events/edit.php:49
[04-Oct-2018 21:59:46 UTC] PHP Warning:  mysqli_query() expects parameter 1 to be mysqli, null given in /home/ubuntu/workspace/events/new.php on line 6
[04-Oct-2018 21:59:46 UTC] PHP Stack trace:
[04-Oct-2018 21:59:46 UTC] PHP   1. {main}() /home/ubuntu/workspace/events/new.php:0
[04-Oct-2018 21:59:46 UTC] PHP   2. mysqli_query() /home/ubuntu/workspace/events/new.php:6
[04-Oct-2018 21:59:46 UTC] PHP Warning:  mysqli_error() expects parameter 1 to be mysqli, null given in /home/ubuntu/workspace/events/new.php on line 26
[04-Oct-2018 21:59:46 UTC] PHP Stack trace:
[04-Oct-2018 21:59:46 UTC] PHP   1. {main}() /home/ubuntu/workspace/events/new.php:0
[04-Oct-2018 21:59:46 UTC] PHP   2. mysqli_error() /home/ubuntu/workspace/events/new.php:26
[04-Oct-2018 21:59:46 UTC] PHP Warning:  mysqli_query() expects parameter 1 to be mysqli, null given in /home/ubuntu/workspace/events/new.php on line 28
[04-Oct-2018 21:59:46 UTC] PHP Stack trace:
[04-Oct-2018 21:59:46 UTC] PHP   1. {main}() /home/ubuntu/workspace/events/new.php:0
[04-Oct-2018 21:59:46 UTC] PHP   2. mysqli_query() /home/ubuntu/workspace/events/new.php:28
[04-Oct-2018 21:59:46 UTC] PHP Warning:  mysqli_error() expects parameter 1 to be mysqli, null given in /home/ubuntu/workspace/events/new.php on line 48
[04-Oct-2018 21:59:46 UTC] PHP Stack trace:
[04-Oct-2018 21:59:46 UTC] PHP   1. {main}() /home/ubuntu/workspace/events/new.php:0
[04-Oct-2018 21:59:46 UTC] PHP   2. mysqli_error() /home/ubuntu/workspace/events/new.php:48
[04-Oct-2018 22:10:46 UTC] PHP Warning:  require_once(./db/connect.php): failed to open stream: No such file or directory in /home/ubuntu/workspace/events/index.php on line 3
[04-Oct-2018 22:10:46 UTC] PHP Stack trace:
[04-Oct-2018 22:10:46 UTC] PHP   1. {main}() /home/ubuntu/workspace/events/index.php:0
[04-Oct-2018 22:10:46 UTC] PHP Fatal error:  require_once(): Failed opening required './db/connect.php' (include_path='.:/usr/share/php:/usr/share/pear') in /home/ubuntu/workspace/events/index.php on line 3
[04-Oct-2018 22:10:46 UTC] PHP Stack trace:
[04-Oct-2018 22:10:46 UTC] PHP   1. {main}() /home/ubuntu/workspace/events/index.php:0
[04-Oct-2018 22:10:54 UTC] PHP Warning:  mysqli_query() expects parameter 1 to be mysqli, null given in /home/ubuntu/workspace/events/new.php on line 6
[04-Oct-2018 22:10:54 UTC] PHP Stack trace:
[04-Oct-2018 22:10:54 UTC] PHP   1. {main}() /home/ubuntu/workspace/events/new.php:0
[04-Oct-2018 22:10:54 UTC] PHP   2. mysqli_query() /home/ubuntu/workspace/events/new.php:6
[04-Oct-2018 22:10:54 UTC] PHP Warning:  mysqli_error() expects parameter 1 to be mysqli, null given in /home/ubuntu/workspace/events/new.php on line 26
[04-Oct-2018 22:10:54 UTC] PHP Stack trace:
[04-Oct-2018 22:10:54 UTC] PHP   1. {main}() /home/ubuntu/workspace/events/new.php:0
[04-Oct-2018 22:10:54 UTC] PHP   2. mysqli_error() /home/ubuntu/workspace/events/new.php:26
[04-Oct-2018 22:10:54 UTC] PHP Warning:  mysqli_query() expects parameter 1 to be mysqli, null given in /home/ubuntu/workspace/events/new.php on line 28
[04-Oct-2018 22:10:54 UTC] PHP Stack trace:
[04-Oct-2018 22:10:54 UTC] PHP   1. {main}() /home/ubuntu/workspace/events/new.php:0
[04-Oct-2018 22:10:54 UTC] PHP   2. mysqli_query() /home/ubuntu/workspace/events/new.php:28
[04-Oct-2018 22:10:54 UTC] PHP Warning:  mysqli_error() expects parameter 1 to be mysqli, null given in /home/ubuntu/workspace/events/new.php on line 48
[04-Oct-2018 22:10:54 UTC] PHP Stack trace:
[04-Oct-2018 22:10:54 UTC] PHP   1. {main}() /home/ubuntu/workspace/events/new.php:0
[04-Oct-2018 22:10:54 UTC] PHP   2. mysqli_error() /home/ubuntu/workspace/events/new.php:48
[04-Oct-2018 22:10:54 UTC] PHP Warning:  mysqli_close() expects parameter 1 to be mysqli, null given in /home/ubuntu/workspace/events/new.php on line 50
[04-Oct-2018 22:10:54 UTC] PHP Stack trace:
[04-Oct-2018 22:10:54 UTC] PHP   1. {main}() /home/ubuntu/workspace/events/new.php:0
[04-Oct-2018 22:10:54 UTC] PHP   2. mysqli_close() /home/ubuntu/workspace/events/new.php:50
[04-Oct-2018 22:11:57 UTC] PHP Warning:  require_once(./db/connect.php): failed to open stream: No such file or directory in /home/ubuntu/workspace/events/new.php on line 4
[04-Oct-2018 22:11:57 UTC] PHP Stack trace:
[04-Oct-2018 22:11:57 UTC] PHP   1. {main}() /home/ubuntu/workspace/events/new.php:0
[04-Oct-2018 22:11:57 UTC] PHP Fatal error:  require_once(): Failed opening required './db/connect.php' (include_path='.:/usr/share/php:/usr/share/pear') in /home/ubuntu/workspace/events/new.php on line 4
[04-Oct-2018 22:11:57 UTC] PHP Stack trace:
[04-Oct-2018 22:11:57 UTC] PHP   1. {main}() /home/ubuntu/workspace/events/new.php:0
[04-Oct-2018 22:11:59 UTC] PHP Warning:  require_once(./db/connect.php): failed to open stream: No such file or directory in /home/ubuntu/workspace/events/new.php on line 4
[04-Oct-2018 22:11:59 UTC] PHP Stack trace:
[04-Oct-2018 22:11:59 UTC] PHP   1. {main}() /home/ubuntu/workspace/events/new.php:0
[04-Oct-2018 22:11:59 UTC] PHP Fatal error:  require_once(): Failed opening required './db/connect.php' (include_path='.:/usr/share/php:/usr/share/pear') in /home/ubuntu/workspace/events/new.php on line 4
[04-Oct-2018 22:11:59 UTC] PHP Stack trace:
[04-Oct-2018 22:11:59 UTC] PHP   1. {main}() /home/ubuntu/workspace/events/new.php:0
[04-Oct-2018 22:12:05 UTC] PHP Warning:  require_once(./db/connect.php): failed to open stream: No such file or directory in /home/ubuntu/workspace/events/index.php on line 3
[04-Oct-2018 22:12:05 UTC] PHP Stack trace:
[04-Oct-2018 22:12:05 UTC] PHP   1. {main}() /home/ubuntu/workspace/events/index.php:0
[04-Oct-2018 22:12:05 UTC] PHP Fatal error:  require_once(): Failed opening required './db/connect.php' (include_path='.:/usr/share/php:/usr/share/pear') in /home/ubuntu/workspace/events/index.php on line 3
[04-Oct-2018 22:12:05 UTC] PHP Stack trace:
[04-Oct-2018 22:12:05 UTC] PHP   1. {main}() /home/ubuntu/workspace/events/index.php:0
[04-Oct-2018 23:23:49 UTC] PHP Warning:  include(main/header.html): failed to open stream: No such file or directory in /home/ubuntu/workspace/events/new.php on line 4
[04-Oct-2018 23:23:49 UTC] PHP Stack trace:
[04-Oct-2018 23:23:49 UTC] PHP   1. {main}() /home/ubuntu/workspace/events/new.php:0
[04-Oct-2018 23:23:49 UTC] PHP Warning:  include(): Failed opening 'main/header.html' for inclusion (include_path='.:/usr/share/php:/usr/share/pear') in /home/ubuntu/workspace/events/new.php on line 4
[04-Oct-2018 23:23:49 UTC] PHP Stack trace:
[04-Oct-2018 23:23:49 UTC] PHP   1. {main}() /home/ubuntu/workspace/events/new.php:0
[04-Oct-2018 23:23:49 UTC] PHP Warning:  include(main/navbar.html): failed to open stream: No such file or directory in /home/ubuntu/workspace/events/new.php on line 10
[04-Oct-2018 23:23:49 UTC] PHP Stack trace:
[04-Oct-2018 23:23:49 UTC] PHP   1. {main}() /home/ubuntu/workspace/events/new.php:0
[04-Oct-2018 23:23:49 UTC] PHP Warning:  include(): Failed opening 'main/navbar.html' for inclusion (include_path='.:/usr/share/php:/usr/share/pear') in /home/ubuntu/workspace/events/new.php on line 10
[04-Oct-2018 23:23:49 UTC] PHP Stack trace:
[04-Oct-2018 23:23:49 UTC] PHP   1. {main}() /home/ubuntu/workspace/events/new.php:0
[04-Oct-2018 23:24:34 UTC] PHP Warning:  include(./main/header.html): failed to open stream: No such file or directory in /home/ubuntu/workspace/events/new.php on line 4
[04-Oct-2018 23:24:34 UTC] PHP Stack trace:
[04-Oct-2018 23:24:34 UTC] PHP   1. {main}() /home/ubuntu/workspace/events/new.php:0
[04-Oct-2018 23:24:34 UTC] PHP Warning:  include(): Failed opening './main/header.html' for inclusion (include_path='.:/usr/share/php:/usr/share/pear') in /home/ubuntu/workspace/events/new.php on line 4
[04-Oct-2018 23:24:34 UTC] PHP Stack trace:
[04-Oct-2018 23:24:34 UTC] PHP   1. {main}() /home/ubuntu/workspace/events/new.php:0
[04-Oct-2018 23:24:34 UTC] PHP Warning:  include(./main/navbar.html): failed to open stream: No such file or directory in /home/ubuntu/workspace/events/new.php on line 10
[04-Oct-2018 23:24:34 UTC] PHP Stack trace:
[04-Oct-2018 23:24:34 UTC] PHP   1. {main}() /home/ubuntu/workspace/events/new.php:0
[04-Oct-2018 23:24:34 UTC] PHP Warning:  include(): Failed opening './main/navbar.html' for inclusion (include_path='.:/usr/share/php:/usr/share/pear') in /home/ubuntu/workspace/events/new.php on line 10
[04-Oct-2018 23:24:34 UTC] PHP Stack trace:
[04-Oct-2018 23:24:34 UTC] PHP   1. {main}() /home/ubuntu/workspace/events/new.php:0
[04-Oct-2018 23:29:16 UTC] PHP Warning:  include(./main/header.html): failed to open stream: No such file or directory in /home/ubuntu/workspace/events/new.php on line 4
[04-Oct-2018 23:29:16 UTC] PHP Stack trace:
[04-Oct-2018 23:29:16 UTC] PHP   1. {main}() /home/ubuntu/workspace/events/new.php:0
[04-Oct-2018 23:29:16 UTC] PHP Warning:  include(): Failed opening './main/header.html' for inclusion (include_path='.:/usr/share/php:/usr/share/pear') in /home/ubuntu/workspace/events/new.php on line 4
[04-Oct-2018 23:29:16 UTC] PHP Stack trace:
[04-Oct-2018 23:29:16 UTC] PHP   1. {main}() /home/ubuntu/workspace/events/new.php:0
[04-Oct-2018 23:29:16 UTC] PHP Warning:  include(./main/navbar.html): failed to open stream: No such file or directory in /home/ubuntu/workspace/events/new.php on line 10
[04-Oct-2018 23:29:16 UTC] PHP Stack trace:
[04-Oct-2018 23:29:16 UTC] PHP   1. {main}() /home/ubuntu/workspace/events/new.php:0
[04-Oct-2018 23:29:16 UTC] PHP Warning:  include(): Failed opening './main/navbar.html' for inclusion (include_path='.:/usr/share/php:/usr/share/pear') in /home/ubuntu/workspace/events/new.php on line 10
[04-Oct-2018 23:29:16 UTC] PHP Stack trace:
[04-Oct-2018 23:29:16 UTC] PHP   1. {main}() /home/ubuntu/workspace/events/new.php:0
[04-Oct-2018 23:29:36 UTC] PHP Warning:  include(./main/header.html): failed to open stream: No such file or directory in /home/ubuntu/workspace/events/new.php on line 4
[04-Oct-2018 23:29:36 UTC] PHP Stack trace:
[04-Oct-2018 23:29:36 UTC] PHP   1. {main}() /home/ubuntu/workspace/events/new.php:0
[04-Oct-2018 23:29:36 UTC] PHP Warning:  include(): Failed opening './main/header.html' for inclusion (include_path='.:/usr/share/php:/usr/share/pear') in /home/ubuntu/workspace/events/new.php on line 4
[04-Oct-2018 23:29:36 UTC] PHP Stack trace:
[04-Oct-2018 23:29:36 UTC] PHP   1. {main}() /home/ubuntu/workspace/events/new.php:0
[04-Oct-2018 23:29:36 UTC] PHP Warning:  include(./main/navbar.html): failed to open stream: No such file or directory in /home/ubuntu/workspace/events/new.php on line 10
[04-Oct-2018 23:29:36 UTC] PHP Stack trace:
[04-Oct-2018 23:29:36 UTC] PHP   1. {main}() /home/ubuntu/workspace/events/new.php:0
[04-Oct-2018 23:29:36 UTC] PHP Warning:  include(): Failed opening './main/navbar.html' for inclusion (include_path='.:/usr/share/php:/usr/share/pear') in /home/ubuntu/workspace/events/new.php on line 10
[04-Oct-2018 23:29:36 UTC] PHP Stack trace:
[04-Oct-2018 23:29:36 UTC] PHP   1. {main}() /home/ubuntu/workspace/events/new.php:0
[04-Oct-2018 23:29:47 UTC] PHP Warning:  include(main/header.html): failed to open stream: No such file or directory in /home/ubuntu/workspace/events/new.php on line 4
[04-Oct-2018 23:29:47 UTC] PHP Stack trace:
[04-Oct-2018 23:29:47 UTC] PHP   1. {main}() /home/ubuntu/workspace/events/new.php:0
[04-Oct-2018 23:29:47 UTC] PHP Warning:  include(): Failed opening 'main/header.html' for inclusion (include_path='.:/usr/share/php:/usr/share/pear') in /home/ubuntu/workspace/events/new.php on line 4
[04-Oct-2018 23:29:47 UTC] PHP Stack trace:
[04-Oct-2018 23:29:47 UTC] PHP   1. {main}() /home/ubuntu/workspace/events/new.php:0
[04-Oct-2018 23:29:47 UTC] PHP Warning:  include(main/navbar.html): failed to open stream: No such file or directory in /home/ubuntu/workspace/events/new.php on line 10
[04-Oct-2018 23:29:47 UTC] PHP Stack trace:
[04-Oct-2018 23:29:47 UTC] PHP   1. {main}() /home/ubuntu/workspace/events/new.php:0
[04-Oct-2018 23:29:47 UTC] PHP Warning:  include(): Failed opening 'main/navbar.html' for inclusion (include_path='.:/usr/share/php:/usr/share/pear') in /home/ubuntu/workspace/events/new.php on line 10
[04-Oct-2018 23:29:47 UTC] PHP Stack trace:
[04-Oct-2018 23:29:47 UTC] PHP   1. {main}() /home/ubuntu/workspace/events/new.php:0
[04-Oct-2018 23:29:59 UTC] PHP Warning:  include(/main/header.html): failed to open stream: No such file or directory in /home/ubuntu/workspace/events/new.php on line 4
[04-Oct-2018 23:29:59 UTC] PHP Stack trace:
[04-Oct-2018 23:29:59 UTC] PHP   1. {main}() /home/ubuntu/workspace/events/new.php:0
[04-Oct-2018 23:29:59 UTC] PHP Warning:  include(): Failed opening '/main/header.html' for inclusion (include_path='.:/usr/share/php:/usr/share/pear') in /home/ubuntu/workspace/events/new.php on line 4
[04-Oct-2018 23:29:59 UTC] PHP Stack trace:
[04-Oct-2018 23:29:59 UTC] PHP   1. {main}() /home/ubuntu/workspace/events/new.php:0
[04-Oct-2018 23:29:59 UTC] PHP Warning:  include(/main/navbar.html): failed to open stream: No such file or directory in /home/ubuntu/workspace/events/new.php on line 10
[04-Oct-2018 23:29:59 UTC] PHP Stack trace:
[04-Oct-2018 23:29:59 UTC] PHP   1. {main}() /home/ubuntu/workspace/events/new.php:0
[04-Oct-2018 23:29:59 UTC] PHP Warning:  include(): Failed opening '/main/navbar.html' for inclusion (include_path='.:/usr/share/php:/usr/share/pear') in /home/ubuntu/workspace/events/new.php on line 10
[04-Oct-2018 23:29:59 UTC] PHP Stack trace:
[04-Oct-2018 23:29:59 UTC] PHP   1. {main}() /home/ubuntu/workspace/events/new.php:0
[05-Oct-2018 22:27:32 UTC] PHP Warning:  require_once(./db/connect.php): failed to open stream: No such file or directory in /home/ubuntu/workspace/events/index.php on line 3
[05-Oct-2018 22:27:32 UTC] PHP Stack trace:
[05-Oct-2018 22:27:32 UTC] PHP   1. {main}() /home/ubuntu/workspace/events/index.php:0
[05-Oct-2018 22:27:32 UTC] PHP Fatal error:  require_once(): Failed opening required './db/connect.php' (include_path='.:/usr/share/php:/usr/share/pear') in /home/ubuntu/workspace/events/index.php on line 3
[05-Oct-2018 22:27:32 UTC] PHP Stack trace:
[05-Oct-2018 22:27:32 UTC] PHP   1. {main}() /home/ubuntu/workspace/events/index.php:0
[05-Oct-2018 22:43:03 UTC] PHP Warning:  include(./main/header.html): failed to open stream: No such file or directory in /home/ubuntu/workspace/events/new.php on line 4
[05-Oct-2018 22:43:03 UTC] PHP Stack trace:
[05-Oct-2018 22:43:03 UTC] PHP   1. {main}() /home/ubuntu/workspace/events/new.php:0
[05-Oct-2018 22:43:03 UTC] PHP Warning:  include(): Failed opening './main/header.html' for inclusion (include_path='.:/usr/share/php:/usr/share/pear') in /home/ubuntu/workspace/events/new.php on line 4
[05-Oct-2018 22:43:03 UTC] PHP Stack trace:
[05-Oct-2018 22:43:03 UTC] PHP   1. {main}() /home/ubuntu/workspace/events/new.php:0
[05-Oct-2018 22:43:03 UTC] PHP Warning:  include(./main/navbar.html): failed to open stream: No such file or directory in /home/ubuntu/workspace/events/new.php on line 10
[05-Oct-2018 22:43:03 UTC] PHP Stack trace:
[05-Oct-2018 22:43:03 UTC] PHP   1. {main}() /home/ubuntu/workspace/events/new.php:0
[05-Oct-2018 22:43:03 UTC] PHP Warning:  include(): Failed opening './main/navbar.html' for inclusion (include_path='.:/usr/share/php:/usr/share/pear') in /home/ubuntu/workspace/events/new.php on line 10
[05-Oct-2018 22:43:03 UTC] PHP Stack trace:
[05-Oct-2018 22:43:03 UTC] PHP   1. {main}() /home/ubuntu/workspace/events/new.php:0
[05-Oct-2018 22:43:45 UTC] PHP Warning:  require_once(./db/connect.php): failed to open stream: No such file or directory in /home/ubuntu/workspace/events/index.php on line 3
[05-Oct-2018 22:43:45 UTC] PHP Stack trace:
[05-Oct-2018 22:43:45 UTC] PHP   1. {main}() /home/ubuntu/workspace/events/index.php:0
[05-Oct-2018 22:43:45 UTC] PHP Fatal error:  require_once(): Failed opening required './db/connect.php' (include_path='.:/usr/share/php:/usr/share/pear') in /home/ubuntu/workspace/events/index.php on line 3
[05-Oct-2018 22:43:45 UTC] PHP Stack trace:
[05-Oct-2018 22:43:45 UTC] PHP   1. {main}() /home/ubuntu/workspace/events/index.php:0
[05-Oct-2018 22:43:57 UTC] PHP Warning:  require_once(./db/connect.php): failed to open stream: No such file or directory in /home/ubuntu/workspace/events/index.php on line 3
[05-Oct-2018 22:43:57 UTC] PHP Stack trace:
[05-Oct-2018 22:43:57 UTC] PHP   1. {main}() /home/ubuntu/workspace/events/index.php:0
[05-Oct-2018 22:43:57 UTC] PHP Fatal error:  require_once(): Failed opening required './db/connect.php' (include_path='.:/usr/share/php:/usr/share/pear') in /home/ubuntu/workspace/events/index.php on line 3
[05-Oct-2018 22:43:57 UTC] PHP Stack trace:
[05-Oct-2018 22:43:57 UTC] PHP   1. {main}() /home/ubuntu/workspace/events/index.php:0
[05-Oct-2018 22:45:08 UTC] PHP Warning:  require_once(./db/connect.php): failed to open stream: No such file or directory in /home/ubuntu/workspace/events/index.php on line 16
[05-Oct-2018 22:45:08 UTC] PHP Stack trace:
[05-Oct-2018 22:45:08 UTC] PHP   1. {main}() /home/ubuntu/workspace/events/index.php:0
[05-Oct-2018 22:45:08 UTC] PHP Fatal error:  require_once(): Failed opening required './db/connect.php' (include_path='.:/usr/share/php:/usr/share/pear') in /home/ubuntu/workspace/events/index.php on line 16
[05-Oct-2018 22:45:08 UTC] PHP Stack trace:
[05-Oct-2018 22:45:08 UTC] PHP   1. {main}() /home/ubuntu/workspace/events/index.php:0
[16-Nov-2018 17:13:57 UTC] PHP Warning:  mysqli_stmt_close() expects parameter 1 to be mysqli_stmt, boolean given in /home/ubuntu/workspace/events/update.php on line 67
[16-Nov-2018 17:13:57 UTC] PHP Stack trace:
[16-Nov-2018 17:13:57 UTC] PHP   1. {main}() /home/ubuntu/workspace/events/update.php:0
[16-Nov-2018 17:13:57 UTC] PHP   2. mysqli_stmt_close() /home/ubuntu/workspace/events/update.php:67
[16-Nov-2018 17:27:12 UTC] PHP Catchable fatal error:  Object of class mysqli_stmt could not be converted to string in /home/ubuntu/workspace/events/update.php on line 45
[16-Nov-2018 17:27:12 UTC] PHP Stack trace:
[16-Nov-2018 17:27:12 UTC] PHP   1. {main}() /home/ubuntu/workspace/events/update.php:0
[16-Nov-2018 17:27:40 UTC] PHP Parse error:  syntax error, unexpected end of file in /home/ubuntu/workspace/events/update.php on line 68
[16-Nov-2018 17:32:32 UTC] PHP Parse error:  syntax error, unexpected end of file in /home/ubuntu/workspace/events/update.php on line 70
[16-Nov-2018 17:33:32 UTC] PHP Catchable fatal error:  Object of class mysqli_stmt could not be converted to string in /home/ubuntu/workspace/events/update.php on line 45
[16-Nov-2018 17:33:32 UTC] PHP Stack trace:
[16-Nov-2018 17:33:32 UTC] PHP   1. {main}() /home/ubuntu/workspace/events/update.php:0
